2025-07-22 15:19:10,988 - __main__ - INFO - Starting Flask ROS2 Robot Controller (Debug Mode)
2025-07-22 15:19:10,988 - __main__ - INFO - Step 1: Creating ROS2 interface...
2025-07-22 15:19:10,988 - __main__ - INFO - Attempting to import ROS2...
2025-07-22 15:19:11,220 - __main__ - INFO - ROS2 imports successful
2025-07-22 15:19:11,220 - __main__ - INFO - Initializing ROS2...
2025-07-22 15:19:11,232 - __main__ - INFO - Initializing ROS2 node...
2025-07-22 15:19:11,283 - __main__ - INFO - Setting up publishers...
2025-07-22 15:19:11,287 - __main__ - INFO - Setting up subscribers...
2025-07-22 15:19:11,288 - __main__ - INFO - ROS2Interface initialized successfully
2025-07-22 15:19:11,288 - __main__ - INFO - ROS2 interface created successfully
2025-07-22 15:19:11,288 - __main__ - INFO - ROS2 interface created. Real ROS2: True
2025-07-22 15:19:11,288 - __main__ - INFO - Step 2: Starting ROS2 spin thread...
2025-07-22 15:19:11,289 - __main__ - INFO - Starting ROS2 spin thread
2025-07-22 15:19:11,289 - __main__ - INFO - ROS2 spin thread started
2025-07-22 15:19:11,290 - __main__ - INFO - Step 3: Creating Flask app...
2025-07-22 15:19:11,290 - __main__ - INFO - Creating Flask app...
2025-07-22 15:19:11,293 - __main__ - INFO - Flask app created successfully
2025-07-22 15:19:11,293 - __main__ - INFO - Step 4: Starting Flask server...
2025-07-22 15:19:11,304 - werkzeug - WARNING -  * Running on all addresses.
   WARNING: This is a development server. Do not use it in a production deployment.
2025-07-22 15:19:11,305 - werkzeug - INFO -  * Running on http://133.27.188.198:5000/ (Press CTRL+C to quit)
2025-07-22 15:19:29,299 - __main__ - ERROR - ROS2 spin error: 
2025-07-22 15:19:29,300 - __main__ - INFO - Destroying ROS2 node...
2025-07-22 15:19:29,310 - __main__ - ERROR - Cleanup error: failed to shutdown: rcl_shutdown already called on the given context, at ./src/rcl/init.c:241
2025-07-22 15:19:32,768 - __main__ - INFO - Starting Flask ROS2 Robot Controller (Debug Mode)
2025-07-22 15:19:32,768 - __main__ - INFO - Step 1: Creating ROS2 interface...
2025-07-22 15:19:32,768 - __main__ - INFO - Attempting to import ROS2...
2025-07-22 15:19:32,984 - __main__ - INFO - ROS2 imports successful
2025-07-22 15:19:32,984 - __main__ - INFO - Initializing ROS2...
2025-07-22 15:19:32,995 - __main__ - INFO - Initializing ROS2 node...
2025-07-22 15:19:33,056 - __main__ - INFO - Setting up publishers...
2025-07-22 15:19:33,058 - __main__ - INFO - Setting up subscribers...
2025-07-22 15:19:33,060 - __main__ - INFO - ROS2Interface initialized successfully
2025-07-22 15:19:33,060 - __main__ - INFO - ROS2 interface created successfully
2025-07-22 15:19:33,060 - __main__ - INFO - ROS2 interface created. Real ROS2: True
2025-07-22 15:19:33,060 - __main__ - INFO - Step 2: Starting ROS2 spin thread...
2025-07-22 15:19:33,061 - __main__ - INFO - Starting ROS2 spin thread
2025-07-22 15:19:33,061 - __main__ - INFO - ROS2 spin thread started
2025-07-22 15:19:33,062 - __main__ - INFO - Step 3: Creating Flask app...
2025-07-22 15:19:33,062 - __main__ - INFO - Creating Flask app...
2025-07-22 15:19:33,064 - __main__ - INFO - Flask app created successfully
2025-07-22 15:19:33,065 - __main__ - INFO - Step 4: Starting Flask server...
2025-07-22 15:19:33,072 - werkzeug - WARNING -  * Running on all addresses.
   WARNING: This is a development server. Do not use it in a production deployment.
2025-07-22 15:19:33,072 - werkzeug - INFO -  * Running on http://133.27.188.198:5000/ (Press CTRL+C to quit)
2025-07-22 15:19:54,475 - __main__ - INFO - Index route accessed
2025-07-22 15:19:54,476 - __main__ - ERROR - Index route error: index.html
2025-07-22 15:19:54,478 - werkzeug - INFO - 127.0.0.1 - - [22/Jul/2025 15:19:54] "GET / HTTP/1.1" 200 -
2025-07-22 15:19:56,137 - __main__ - INFO - Status API called
2025-07-22 15:19:56,138 - __main__ - INFO - Status retrieved: {'position': {'x': 0, 'y': 0, 'z': 0}, 'velocity': {'linear': 0, 'angular': 0}, 'laser_data': {'min_distance': 0, 'ranges_count': 0}, 'last_update': 1753165173.0603964, 'mode': 'ros2'}
2025-07-22 15:19:56,141 - werkzeug - INFO - 127.0.0.1 - - [22/Jul/2025 15:19:56] "GET /api/status HTTP/1.1" 200 -
2025-07-22 15:20:55,321 - __main__ - INFO - Destroying ROS2 node...
2025-07-22 15:20:55,322 - __main__ - ERROR - Cleanup error: failed to shutdown: rcl_shutdown already called on the given context, at ./src/rcl/init.c:241
